  [1m[35m (97.1ms)[0m  [1m[35mCREATE DATABASE "sample_development" ENCODING = 'unicode'[0m
  [1m[35m (52.6ms)[0m  [1m[35mCREATE DATABASE "sample_test" ENCODING = 'unicode'[0m
  [1m[35m (6.3ms)[0m  [1m[35mCREATE TABLE "schema_migrations" ("version" character varying NOT NULL PRIMARY KEY)[0m
  [1m[35m (5.1ms)[0m  [1m[35mCREATE TABLE "ar_internal_metadata" ("key" character varying NOT NULL PRIMARY KEY, "value" character varying, "created_at" timestamp(6) NOT NULL, "updated_at" timestamp(6) NOT NULL)[0m
  [1m[35m (0.2ms)[0m  [1m[34mSELECT pg_try_advisory_lock(7395633852180811650)[0m
  [1m[36mActiveRecord::SchemaMigration Pluck (3.5ms)[0m  [1m[34mSELECT "schema_migrations"."version" FROM "schema_migrations" ORDER BY "schema_migrations"."version" ASC[0m
Migrating to CreateUsers (20230324042327)
  [1m[36mTRANSACTION (1.8ms)[0m  [1m[35mBEGIN[0m
  [1m[35m (4.3ms)[0m  [1m[35mCREATE TABLE "users" ("id" bigserial primary key, "email" character varying, "created_at" timestamp(6) NOT NULL, "updated_at" timestamp(6) NOT NULL)[0m
  [1m[36mActiveRecord::SchemaMigration Create (0.5ms)[0m  [1m[32mINSERT INTO "schema_migrations" ("version") VALUES ($1) RETURNING "version"[0m  [["version", "20230324042327"]]
  [1m[36mTRANSACTION (0.4ms)[0m  [1m[35mCOMMIT[0m
Migrating to CreateRoles (20230324042400)
  [1m[36mTRANSACTION (0.2ms)[0m  [1m[35mBEGIN[0m
  [1m[35m (2.5ms)[0m  [1m[35mCREATE TABLE "roles" ("id" bigserial primary key, "name" character varying, "created_at" timestamp(6) NOT NULL, "updated_at" timestamp(6) NOT NULL)[0m
  [1m[36mActiveRecord::SchemaMigration Create (0.1ms)[0m  [1m[32mINSERT INTO "schema_migrations" ("version") VALUES ($1) RETURNING "version"[0m  [["version", "20230324042400"]]
  [1m[36mTRANSACTION (0.2ms)[0m  [1m[35mCOMMIT[0m
Migrating to CreateUsersRoles (20230324042441)
  [1m[36mTRANSACTION (0.4ms)[0m  [1m[35mBEGIN[0m
  [1m[35m (4.6ms)[0m  [1m[35mCREATE TABLE "users_roles" ("id" bigserial primary key, "user_id" bigint NOT NULL, "role_id" bigint NOT NULL, "created_at" timestamp(6) NOT NULL, "updated_at" timestamp(6) NOT NULL, CONSTRAINT "fk_rails_4a41696df6"
FOREIGN KEY ("user_id")
  REFERENCES "users" ("id")
, CONSTRAINT "fk_rails_eb7b4658f8"
FOREIGN KEY ("role_id")
  REFERENCES "roles" ("id")
)[0m
  [1m[35m (1.2ms)[0m  [1m[35mCREATE INDEX "index_users_roles_on_user_id" ON "users_roles" ("user_id")[0m
  [1m[35m (0.9ms)[0m  [1m[35mCREATE INDEX "index_users_roles_on_role_id" ON "users_roles" ("role_id")[0m
  [1m[36mActiveRecord::SchemaMigration Create (0.2ms)[0m  [1m[32mINSERT INTO "schema_migrations" ("version") VALUES ($1) RETURNING "version"[0m  [["version", "20230324042441"]]
  [1m[36mTRANSACTION (0.4ms)[0m  [1m[35mCOMMIT[0m
Migrating to CreateAccounts (20230324042533)
  [1m[36mTRANSACTION (0.3ms)[0m  [1m[35mBEGIN[0m
  [1m[35m (1.8ms)[0m  [1m[35mCREATE TABLE "accounts" ("id" bigserial primary key, "created_at" timestamp(6) NOT NULL, "updated_at" timestamp(6) NOT NULL)[0m
  [1m[36mActiveRecord::SchemaMigration Create (0.1ms)[0m  [1m[32mINSERT INTO "schema_migrations" ("version") VALUES ($1) RETURNING "version"[0m  [["version", "20230324042533"]]
  [1m[36mTRANSACTION (0.3ms)[0m  [1m[35mCOMMIT[0m
Migrating to CreateUsersAccounts (20230324042612)
  [1m[36mTRANSACTION (0.3ms)[0m  [1m[35mBEGIN[0m
  [1m[35m (3.0ms)[0m  [1m[35mCREATE TABLE "users_accounts" ("id" bigserial primary key, "user_id" bigint NOT NULL, "account_id" bigint NOT NULL, "created_at" timestamp(6) NOT NULL, "updated_at" timestamp(6) NOT NULL, CONSTRAINT "fk_rails_08029cbce2"
FOREIGN KEY ("user_id")
  REFERENCES "users" ("id")
, CONSTRAINT "fk_rails_dd0f6ea94a"
FOREIGN KEY ("account_id")
  REFERENCES "accounts" ("id")
)[0m
  [1m[35m (0.9ms)[0m  [1m[35mCREATE INDEX "index_users_accounts_on_user_id" ON "users_accounts" ("user_id")[0m
  [1m[35m (0.6ms)[0m  [1m[35mCREATE INDEX "index_users_accounts_on_account_id" ON "users_accounts" ("account_id")[0m
  [1m[36mActiveRecord::SchemaMigration Create (0.2ms)[0m  [1m[32mINSERT INTO "schema_migrations" ("version") VALUES ($1) RETURNING "version"[0m  [["version", "20230324042612"]]
  [1m[36mTRANSACTION (0.3ms)[0m  [1m[35mCOMMIT[0m
  [1m[36mActiveRecord::InternalMetadata Load (0.4ms)[0m  [1m[34mSELECT "ar_internal_metadata".* FROM "ar_internal_metadata" WHERE "ar_internal_metadata"."key" = $1 LIMIT $2[0m  [["key", "environment"], ["LIMIT", 1]]
  [1m[36mTRANSACTION (0.1ms)[0m  [1m[35mBEGIN[0m
  [1m[36mActiveRecord::InternalMetadata Create (0.7ms)[0m  [1m[32mINSERT INTO "ar_internal_metadata" ("key", "value", "created_at", "updated_at") VALUES ($1, $2, $3, $4) RETURNING "key"[0m  [["key", "environment"], ["value", "development"], ["created_at", "2023-03-24 04:28:08.723274"], ["updated_at", "2023-03-24 04:28:08.723274"]]
  [1m[36mTRANSACTION (0.3ms)[0m  [1m[35mCOMMIT[0m
  [1m[35m (0.3ms)[0m  [1m[34mSELECT pg_advisory_unlock(7395633852180811650)[0m
  [1m[36mActiveRecord::SchemaMigration Pluck (0.8ms)[0m  [1m[34mSELECT "schema_migrations"."version" FROM "schema_migrations" ORDER BY "schema_migrations"."version" ASC[0m
  [1m[36mTRANSACTION (0.3ms)[0m  [1m[35mBEGIN[0m
  [1m[36mUser Create (1.4ms)[0m  [1m[32mINSERT INTO "users" ("email", "created_at", "updated_at") VALUES ($1, $2, $3) RETURNING "id"[0m  [["email", "gideon.kimutai@mail.com"], ["created_at", "2023-03-24 04:32:53.556108"], ["updated_at", "2023-03-24 04:32:53.556108"]]
  [1m[36mTRANSACTION (0.7ms)[0m  [1m[35mCOMMIT[0m
  [1m[36mUsersRole Load (0.9ms)[0m  [1m[34mSELECT "users_roles".* FROM "users_roles" INNER JOIN "users_roles" "users_roles_roles" ON "users_roles"."id" = "users_roles_roles"."role_id" WHERE "users_roles_roles"."user_id" = $1[0m  [["user_id", 1]]
  [1m[36mTRANSACTION (0.1ms)[0m  [1m[35mBEGIN[0m
  [1m[36mRole Create (2.7ms)[0m  [1m[32mINSERT INTO "roles" ("name", "created_at", "updated_at") VALUES ($1, $2, $3) RETURNING "id"[0m  [["name", "admin"], ["created_at", "2023-03-24 04:34:37.369511"], ["updated_at", "2023-03-24 04:34:37.369511"]]
  [1m[36mTRANSACTION (0.2ms)[0m  [1m[35mCOMMIT[0m
  [1m[36mTRANSACTION (0.3ms)[0m  [1m[35mBEGIN[0m
  [1m[36mRole Create (0.6ms)[0m  [1m[32mINSERT INTO "roles" ("name", "created_at", "updated_at") VALUES ($1, $2, $3) RETURNING "id"[0m  [["name", "user"], ["created_at", "2023-03-24 04:34:43.313106"], ["updated_at", "2023-03-24 04:34:43.313106"]]
  [1m[36mTRANSACTION (0.9ms)[0m  [1m[35mCOMMIT[0m
  [1m[36mRole Load (0.6ms)[0m  [1m[34mSELECT "roles".* FROM "roles" ORDER BY "roles"."id" ASC LIMIT $1[0m  [["LIMIT", 1]]
  [1m[36mRole Load (0.4ms)[0m  [1m[34mSELECT "roles".* FROM "roles" ORDER BY "roles"."id" ASC LIMIT $1[0m  [["LIMIT", 1]]
  [1m[36mUser Load (0.3ms)[0m  [1m[34mSELECT "users".* FROM "users" ORDER BY "users"."id" ASC LIMIT $1[0m  [["LIMIT", 1]]
  [1m[36mUsersRole Load (0.4ms)[0m  [1m[34mSELECT "users_roles".* FROM "users_roles" INNER JOIN "users_roles" "users_roles_roles" ON "users_roles"."id" = "users_roles_roles"."role_id" WHERE "users_roles_roles"."user_id" = $1[0m  [["user_id", 1]]
  [1m[36mRole Load (0.9ms)[0m  [1m[34mSELECT "roles".* FROM "roles" ORDER BY "roles"."id" ASC LIMIT $1[0m  [["LIMIT", 1]]
  [1m[36mRole Load (1.1ms)[0m  [1m[34mSELECT "roles".* FROM "roles" ORDER BY "roles"."id" ASC LIMIT $1[0m  [["LIMIT", 1]]
  [1m[36mUser Load (0.3ms)[0m  [1m[34mSELECT "users".* FROM "users" ORDER BY "users"."id" ASC LIMIT $1[0m  [["LIMIT", 1]]
  [1m[36mRole Load (0.9ms)[0m  [1m[34mSELECT "roles".* FROM "roles" ORDER BY "roles"."id" ASC LIMIT $1[0m  [["LIMIT", 1]]
  [1m[36mUser Load (0.2ms)[0m  [1m[34mSELECT "users".* FROM "users" ORDER BY "users"."id" ASC LIMIT $1[0m  [["LIMIT", 1]]
  [1m[36mUser Load (1.3ms)[0m  [1m[34mSELECT "users".* FROM "users" ORDER BY "users"."id" ASC LIMIT $1[0m  [["LIMIT", 1]]
  [1m[36mUsersRole Load (0.3ms)[0m  [1m[34mSELECT "users_roles".* FROM "users_roles" INNER JOIN "users_roles" "users_roles_roles" ON "users_roles"."id" = "users_roles_roles"."role_id" WHERE "users_roles_roles"."user_id" = $1[0m  [["user_id", 1]]
  [1m[36mUser Load (2.5ms)[0m  [1m[34mSELECT "users".* FROM "users" ORDER BY "users"."id" ASC LIMIT $1[0m  [["LIMIT", 1]]
  [1m[36mUsersRole Load (1.0ms)[0m  [1m[34mSELECT "users_roles".* FROM "users_roles" INNER JOIN "users_roles" "users_roles_roles" ON "users_roles"."id" = "users_roles_roles"."role_id" WHERE "users_roles_roles"."user_id" = $1[0m  [["user_id", 1]]
  [1m[36mUser Load (0.5ms)[0m  [1m[34mSELECT "users".* FROM "users" ORDER BY "users"."id" ASC LIMIT $1[0m  [["LIMIT", 1]]
  [1m[36mUsersRole Load (1.0ms)[0m  [1m[34mSELECT "users_roles".* FROM "users_roles" INNER JOIN "users_roles" "users_roles_roles" ON "users_roles"."id" = "users_roles_roles"."role_id" WHERE "users_roles_roles"."user_id" = $1[0m  [["user_id", 1]]
  [1m[36mUser Load (0.5ms)[0m  [1m[34mSELECT "users".* FROM "users" ORDER BY "users"."id" ASC LIMIT $1[0m  [["LIMIT", 1]]
  [1m[36mUsersRole Load (1.7ms)[0m  [1m[34mSELECT "users_roles".* FROM "users_roles" INNER JOIN "users_roles" "users_roles_roles" ON "users_roles"."id" = "users_roles_roles"."role_id" WHERE "users_roles_roles"."user_id" = $1[0m  [["user_id", 1]]
  [1m[35m (0.1ms)[0m  [1m[34mSELECT pg_try_advisory_lock(7395633852180811650)[0m
  [1m[36mActiveRecord::SchemaMigration Pluck (0.7ms)[0m  [1m[34mSELECT "schema_migrations"."version" FROM "schema_migrations" ORDER BY "schema_migrations"."version" ASC[0m
Migrating to CreateUserRoles (20230324061839)
  [1m[36mTRANSACTION (0.1ms)[0m  [1m[35mBEGIN[0m
  [1m[35m (6.5ms)[0m  [1m[35mCREATE TABLE "user_roles" ("id" bigserial primary key, "user_id" bigint NOT NULL, "role_id" bigint NOT NULL, "created_at" timestamp(6) NOT NULL, "updated_at" timestamp(6) NOT NULL, CONSTRAINT "fk_rails_318345354e"
FOREIGN KEY ("user_id")
  REFERENCES "users" ("id")
, CONSTRAINT "fk_rails_3369e0d5fc"
FOREIGN KEY ("role_id")
  REFERENCES "roles" ("id")
)[0m
  [1m[35m (0.8ms)[0m  [1m[35mCREATE INDEX "index_user_roles_on_user_id" ON "user_roles" ("user_id")[0m
  [1m[35m (0.6ms)[0m  [1m[35mCREATE INDEX "index_user_roles_on_role_id" ON "user_roles" ("role_id")[0m
  [1m[36mActiveRecord::SchemaMigration Create (0.4ms)[0m  [1m[32mINSERT INTO "schema_migrations" ("version") VALUES ($1) RETURNING "version"[0m  [["version", "20230324061839"]]
  [1m[36mTRANSACTION (0.7ms)[0m  [1m[35mCOMMIT[0m
  [1m[36mActiveRecord::InternalMetadata Load (0.5ms)[0m  [1m[34mSELECT "ar_internal_metadata".* FROM "ar_internal_metadata" WHERE "ar_internal_metadata"."key" = $1 LIMIT $2[0m  [["key", "environment"], ["LIMIT", 1]]
  [1m[35m (0.2ms)[0m  [1m[34mSELECT pg_advisory_unlock(7395633852180811650)[0m
  [1m[36mActiveRecord::SchemaMigration Pluck (0.8ms)[0m  [1m[34mSELECT "schema_migrations"."version" FROM "schema_migrations" ORDER BY "schema_migrations"."version" ASC[0m
  [1m[36mUser Load (1.3ms)[0m  [1m[34mSELECT "users".* FROM "users" ORDER BY "users"."id" ASC LIMIT $1[0m  [["LIMIT", 1]]
  [1m[36mRole Load (3.1ms)[0m  [1m[34mSELECT "roles".* FROM "roles" INNER JOIN "user_roles" ON "roles"."id" = "user_roles"."role_id" WHERE "user_roles"."user_id" = $1[0m  [["user_id", 1]]
  [1m[36mTRANSACTION (0.5ms)[0m  [1m[35mBEGIN[0m
  [1m[36mRole Create (1.5ms)[0m  [1m[32mINSERT INTO "roles" ("name", "created_at", "updated_at") VALUES ($1, $2, $3) RETURNING "id"[0m  [["name", "admin"], ["created_at", "2023-03-24 06:20:41.584962"], ["updated_at", "2023-03-24 06:20:41.584962"]]
  [1m[36mTRANSACTION (1.9ms)[0m  [1m[35mCOMMIT[0m
  [1m[36mTRANSACTION (0.3ms)[0m  [1m[35mBEGIN[0m
  [1m[36mUserRole Create (2.3ms)[0m  [1m[32mINSERT INTO "user_roles" ("user_id", "role_id", "created_at", "updated_at") VALUES ($1, $2, $3, $4) RETURNING "id"[0m  [["user_id", 1], ["role_id", 3], ["created_at", "2023-03-24 06:20:56.504678"], ["updated_at", "2023-03-24 06:20:56.504678"]]
  [1m[36mTRANSACTION (0.5ms)[0m  [1m[35mCOMMIT[0m
  [1m[36mUser Load (0.6ms)[0m  [1m[34mSELECT "users".* FROM "users" WHERE "users"."id" = $1 LIMIT $2[0m  [["id", 1], ["LIMIT", 1]]
  [1m[36mRole Load (1.0ms)[0m  [1m[34mSELECT "roles".* FROM "roles" INNER JOIN "user_roles" ON "roles"."id" = "user_roles"."role_id" WHERE "user_roles"."user_id" = $1[0m  [["user_id", 1]]
  [1m[35m (0.1ms)[0m  [1m[34mSELECT pg_try_advisory_lock(7395633852180811650)[0m
  [1m[36mActiveRecord::SchemaMigration Pluck (0.7ms)[0m  [1m[34mSELECT "schema_migrations"."version" FROM "schema_migrations" ORDER BY "schema_migrations"."version" ASC[0m
Migrating to CreateUserAccounts (20230324062154)
  [1m[36mTRANSACTION (0.1ms)[0m  [1m[35mBEGIN[0m
  [1m[35m (9.1ms)[0m  [1m[35mCREATE TABLE "user_accounts" ("id" bigserial primary key, "user_id" bigint NOT NULL, "account_id" bigint NOT NULL, "created_at" timestamp(6) NOT NULL, "updated_at" timestamp(6) NOT NULL, CONSTRAINT "fk_rails_d64ac9bcc2"
FOREIGN KEY ("user_id")
  REFERENCES "users" ("id")
, CONSTRAINT "fk_rails_dc248d5e86"
FOREIGN KEY ("account_id")
  REFERENCES "accounts" ("id")
)[0m
  [1m[35m (1.5ms)[0m  [1m[35mCREATE INDEX "index_user_accounts_on_user_id" ON "user_accounts" ("user_id")[0m
  [1m[35m (0.8ms)[0m  [1m[35mCREATE INDEX "index_user_accounts_on_account_id" ON "user_accounts" ("account_id")[0m
  [1m[36mActiveRecord::SchemaMigration Create (0.3ms)[0m  [1m[32mINSERT INTO "schema_migrations" ("version") VALUES ($1) RETURNING "version"[0m  [["version", "20230324062154"]]
  [1m[36mTRANSACTION (0.7ms)[0m  [1m[35mCOMMIT[0m
  [1m[36mActiveRecord::InternalMetadata Load (0.3ms)[0m  [1m[34mSELECT "ar_internal_metadata".* FROM "ar_internal_metadata" WHERE "ar_internal_metadata"."key" = $1 LIMIT $2[0m  [["key", "environment"], ["LIMIT", 1]]
  [1m[35m (0.6ms)[0m  [1m[34mSELECT pg_advisory_unlock(7395633852180811650)[0m
  [1m[36mActiveRecord::SchemaMigration Pluck (0.9ms)[0m  [1m[34mSELECT "schema_migrations"."version" FROM "schema_migrations" ORDER BY "schema_migrations"."version" ASC[0m
  [1m[36mUser Load (1.1ms)[0m  [1m[34mSELECT "users".* FROM "users" ORDER BY "users"."id" ASC LIMIT $1[0m  [["LIMIT", 1]]
  [1m[36mUser Load (2.9ms)[0m  [1m[34mSELECT "users".* FROM "users" ORDER BY "users"."id" ASC LIMIT $1[0m  [["LIMIT", 1]]
  [1m[36mUser Load (0.6ms)[0m  [1m[34mSELECT "users".* FROM "users" ORDER BY "users"."id" ASC LIMIT $1[0m  [["LIMIT", 1]]
  [1m[36mUser Load (0.6ms)[0m  [1m[34mSELECT "users".* FROM "users" ORDER BY "users"."id" ASC LIMIT $1[0m  [["LIMIT", 1]]
  [1m[35m (0.6ms)[0m  [1m[35mCREATE DATABASE "sample_development" ENCODING = 'unicode'[0m
  [1m[35m (0.2ms)[0m  [1m[35mCREATE DATABASE "sample_test" ENCODING = 'unicode'[0m
  [1m[36mActiveRecord::SchemaMigration Pluck (0.6ms)[0m  [1m[34mSELECT "schema_migrations"."version" FROM "schema_migrations" ORDER BY "schema_migrations"."version" ASC[0m
  [1m[36mActiveRecord::InternalMetadata Pluck (0.3ms)[0m  [1m[34mSELECT "ar_internal_metadata"."value" FROM "ar_internal_metadata" WHERE "ar_internal_metadata"."key" = $1 LIMIT $2[0m  [["key", "environment"], ["LIMIT", 1]]
  [1m[36mActiveRecord::SchemaMigration Pluck (0.1ms)[0m  [1m[34mSELECT "schema_migrations"."version" FROM "schema_migrations" ORDER BY "schema_migrations"."version" ASC[0m
  [1m[36mActiveRecord::InternalMetadata Pluck (0.1ms)[0m  [1m[34mSELECT "ar_internal_metadata"."value" FROM "ar_internal_metadata" WHERE "ar_internal_metadata"."key" = $1 LIMIT $2[0m  [["key", "environment"], ["LIMIT", 1]]
  [1m[36mActiveRecord::SchemaMigration Pluck (0.1ms)[0m  [1m[34mSELECT "schema_migrations"."version" FROM "schema_migrations" ORDER BY "schema_migrations"."version" ASC[0m
  [1m[36mActiveRecord::InternalMetadata Pluck (0.1ms)[0m  [1m[34mSELECT "ar_internal_metadata"."value" FROM "ar_internal_metadata" WHERE "ar_internal_metadata"."key" = $1 LIMIT $2[0m  [["key", "environment"], ["LIMIT", 1]]
  [1m[35mSQL (0.5ms)[0m  [1m[35mCREATE EXTENSION IF NOT EXISTS "plpgsql"[0m
  [1m[35m (5.4ms)[0m  [1m[35mDROP TABLE IF EXISTS "accounts" CASCADE[0m
  [1m[35m (3.2ms)[0m  [1m[35mCREATE TABLE "accounts" ("id" bigserial primary key, "created_at" timestamp(6) NOT NULL, "updated_at" timestamp(6) NOT NULL)[0m
  [1m[35m (2.1ms)[0m  [1m[35mDROP TABLE IF EXISTS "roles" CASCADE[0m
  [1m[35m (2.4ms)[0m  [1m[35mCREATE TABLE "roles" ("id" bigserial primary key, "name" character varying, "created_at" timestamp(6) NOT NULL, "updated_at" timestamp(6) NOT NULL)[0m
  [1m[35m (1.6ms)[0m  [1m[35mDROP TABLE IF EXISTS "user_accounts" CASCADE[0m
  [1m[35m (1.8ms)[0m  [1m[35mCREATE TABLE "user_accounts" ("id" bigserial primary key, "user_id" bigint NOT NULL, "account_id" bigint NOT NULL, "created_at" timestamp(6) NOT NULL, "updated_at" timestamp(6) NOT NULL)[0m
  [1m[35m (0.7ms)[0m  [1m[35mCREATE INDEX "index_user_accounts_on_account_id" ON "user_accounts" ("account_id")[0m
  [1m[35m (0.8ms)[0m  [1m[35mCREATE INDEX "index_user_accounts_on_user_id" ON "user_accounts" ("user_id")[0m
  [1m[35m (2.0ms)[0m  [1m[35mDROP TABLE IF EXISTS "user_roles" CASCADE[0m
  [1m[35m (2.0ms)[0m  [1m[35mCREATE TABLE "user_roles" ("id" bigserial primary key, "user_id" bigint NOT NULL, "role_id" bigint NOT NULL, "created_at" timestamp(6) NOT NULL, "updated_at" timestamp(6) NOT NULL)[0m
  [1m[35m (0.9ms)[0m  [1m[35mCREATE INDEX "index_user_roles_on_role_id" ON "user_roles" ("role_id")[0m
  [1m[35m (0.9ms)[0m  [1m[35mCREATE INDEX "index_user_roles_on_user_id" ON "user_roles" ("user_id")[0m
  [1m[35m (2.8ms)[0m  [1m[35mDROP TABLE IF EXISTS "users" CASCADE[0m
  [1m[35m (2.9ms)[0m  [1m[35mCREATE TABLE "users" ("id" bigserial primary key, "email" character varying, "created_at" timestamp(6) NOT NULL, "updated_at" timestamp(6) NOT NULL)[0m
  [1m[35m (1.8ms)[0m  [1m[35mDROP TABLE IF EXISTS "users_accounts" CASCADE[0m
  [1m[35m (2.0ms)[0m  [1m[35mCREATE TABLE "users_accounts" ("id" bigserial primary key, "user_id" bigint NOT NULL, "account_id" bigint NOT NULL, "created_at" timestamp(6) NOT NULL, "updated_at" timestamp(6) NOT NULL)[0m
  [1m[35m (0.9ms)[0m  [1m[35mCREATE INDEX "index_users_accounts_on_account_id" ON "users_accounts" ("account_id")[0m
  [1m[35m (0.7ms)[0m  [1m[35mCREATE INDEX "index_users_accounts_on_user_id" ON "users_accounts" ("user_id")[0m
  [1m[35m (1.7ms)[0m  [1m[35mDROP TABLE IF EXISTS "users_roles" CASCADE[0m
  [1m[35m (3.3ms)[0m  [1m[35mCREATE TABLE "users_roles" ("id" bigserial primary key, "user_id" bigint NOT NULL, "role_id" bigint NOT NULL, "created_at" timestamp(6) NOT NULL, "updated_at" timestamp(6) NOT NULL)[0m
  [1m[35m (1.1ms)[0m  [1m[35mCREATE INDEX "index_users_roles_on_role_id" ON "users_roles" ("role_id")[0m
  [1m[35m (1.1ms)[0m  [1m[35mCREATE INDEX "index_users_roles_on_user_id" ON "users_roles" ("user_id")[0m
  [1m[35m (1.9ms)[0m  [1m[35mALTER TABLE "user_accounts" ADD CONSTRAINT "fk_rails_dc248d5e86"
FOREIGN KEY ("account_id")
  REFERENCES "accounts" ("id")
[0m
  [1m[35m (1.2ms)[0m  [1m[35mALTER TABLE "user_accounts" ADD CONSTRAINT "fk_rails_d64ac9bcc2"
FOREIGN KEY ("user_id")
  REFERENCES "users" ("id")
[0m
  [1m[35m (1.2ms)[0m  [1m[35mALTER TABLE "user_roles" ADD CONSTRAINT "fk_rails_3369e0d5fc"
FOREIGN KEY ("role_id")
  REFERENCES "roles" ("id")
[0m
  [1m[35m (1.0ms)[0m  [1m[35mALTER TABLE "user_roles" ADD CONSTRAINT "fk_rails_318345354e"
FOREIGN KEY ("user_id")
  REFERENCES "users" ("id")
[0m
  [1m[35m (1.0ms)[0m  [1m[35mALTER TABLE "users_accounts" ADD CONSTRAINT "fk_rails_dd0f6ea94a"
FOREIGN KEY ("account_id")
  REFERENCES "accounts" ("id")
[0m
  [1m[35m (0.7ms)[0m  [1m[35mALTER TABLE "users_accounts" ADD CONSTRAINT "fk_rails_08029cbce2"
FOREIGN KEY ("user_id")
  REFERENCES "users" ("id")
[0m
  [1m[35m (1.1ms)[0m  [1m[35mALTER TABLE "users_roles" ADD CONSTRAINT "fk_rails_eb7b4658f8"
FOREIGN KEY ("role_id")
  REFERENCES "roles" ("id")
[0m
  [1m[35m (1.0ms)[0m  [1m[35mALTER TABLE "users_roles" ADD CONSTRAINT "fk_rails_4a41696df6"
FOREIGN KEY ("user_id")
  REFERENCES "users" ("id")
[0m
  [1m[36mActiveRecord::SchemaMigration Pluck (0.5ms)[0m  [1m[34mSELECT "schema_migrations"."version" FROM "schema_migrations" ORDER BY "schema_migrations"."version" ASC[0m
  [1m[36mActiveRecord::InternalMetadata Load (0.3ms)[0m  [1m[34mSELECT "ar_internal_metadata".* FROM "ar_internal_metadata" WHERE "ar_internal_metadata"."key" = $1 LIMIT $2[0m  [["key", "environment"], ["LIMIT", 1]]
  [1m[36mActiveRecord::InternalMetadata Load (0.1ms)[0m  [1m[34mSELECT "ar_internal_metadata".* FROM "ar_internal_metadata" WHERE "ar_internal_metadata"."key" = $1 LIMIT $2[0m  [["key", "environment"], ["LIMIT", 1]]
  [1m[36mActiveRecord::InternalMetadata Load (0.1ms)[0m  [1m[34mSELECT "ar_internal_metadata".* FROM "ar_internal_metadata" WHERE "ar_internal_metadata"."key" = $1 LIMIT $2[0m  [["key", "schema_sha1"], ["LIMIT", 1]]
  [1m[36mTRANSACTION (0.1ms)[0m  [1m[35mBEGIN[0m
  [1m[36mActiveRecord::InternalMetadata Create (0.3ms)[0m  [1m[32mINSERT INTO "ar_internal_metadata" ("key", "value", "created_at", "updated_at") VALUES ($1, $2, $3, $4) RETURNING "key"[0m  [["key", "schema_sha1"], ["value", "327763c19138f0f316a3e92673263b7c277e55c1"], ["created_at", "2023-03-24 06:26:16.511636"], ["updated_at", "2023-03-24 06:26:16.511636"]]
  [1m[36mTRANSACTION (0.3ms)[0m  [1m[35mCOMMIT[0m
  [1m[35mSQL (0.7ms)[0m  [1m[35mCREATE EXTENSION IF NOT EXISTS "plpgsql"[0m
  [1m[35m (0.1ms)[0m  [1m[35mDROP TABLE IF EXISTS "accounts" CASCADE[0m
  [1m[35m (11.1ms)[0m  [1m[35mCREATE TABLE "accounts" ("id" bigserial primary key, "created_at" timestamp(6) NOT NULL, "updated_at" timestamp(6) NOT NULL)[0m
  [1m[35m (0.2ms)[0m  [1m[35mDROP TABLE IF EXISTS "roles" CASCADE[0m
  [1m[35m (1.6ms)[0m  [1m[35mCREATE TABLE "roles" ("id" bigserial primary key, "name" character varying, "created_at" timestamp(6) NOT NULL, "updated_at" timestamp(6) NOT NULL)[0m
  [1m[35m (0.1ms)[0m  [1m[35mDROP TABLE IF EXISTS "user_accounts" CASCADE[0m
  [1m[35m (0.9ms)[0m  [1m[35mCREATE TABLE "user_accounts" ("id" bigserial primary key, "user_id" bigint NOT NULL, "account_id" bigint NOT NULL, "created_at" timestamp(6) NOT NULL, "updated_at" timestamp(6) NOT NULL)[0m
  [1m[35m (0.5ms)[0m  [1m[35mCREATE INDEX "index_user_accounts_on_account_id" ON "user_accounts" ("account_id")[0m
  [1m[35m (0.4ms)[0m  [1m[35mCREATE INDEX "index_user_accounts_on_user_id" ON "user_accounts" ("user_id")[0m
  [1m[35m (0.0ms)[0m  [1m[35mDROP TABLE IF EXISTS "user_roles" CASCADE[0m
  [1m[35m (0.8ms)[0m  [1m[35mCREATE TABLE "user_roles" ("id" bigserial primary key, "user_id" bigint NOT NULL, "role_id" bigint NOT NULL, "created_at" timestamp(6) NOT NULL, "updated_at" timestamp(6) NOT NULL)[0m
  [1m[35m (0.5ms)[0m  [1m[35mCREATE INDEX "index_user_roles_on_role_id" ON "user_roles" ("role_id")[0m
  [1m[35m (0.6ms)[0m  [1m[35mCREATE INDEX "index_user_roles_on_user_id" ON "user_roles" ("user_id")[0m
  [1m[35m (0.0ms)[0m  [1m[35mDROP TABLE IF EXISTS "users" CASCADE[0m
  [1m[35m (1.4ms)[0m  [1m[35mCREATE TABLE "users" ("id" bigserial primary key, "email" character varying, "created_at" timestamp(6) NOT NULL, "updated_at" timestamp(6) NOT NULL)[0m
  [1m[35m (0.1ms)[0m  [1m[35mDROP TABLE IF EXISTS "users_accounts" CASCADE[0m
  [1m[35m (0.9ms)[0m  [1m[35mCREATE TABLE "users_accounts" ("id" bigserial primary key, "user_id" bigint NOT NULL, "account_id" bigint NOT NULL, "created_at" timestamp(6) NOT NULL, "updated_at" timestamp(6) NOT NULL)[0m
  [1m[35m (0.6ms)[0m  [1m[35mCREATE INDEX "index_users_accounts_on_account_id" ON "users_accounts" ("account_id")[0m
  [1m[35m (0.4ms)[0m  [1m[35mCREATE INDEX "index_users_accounts_on_user_id" ON "users_accounts" ("user_id")[0m
  [1m[35m (0.0ms)[0m  [1m[35mDROP TABLE IF EXISTS "users_roles" CASCADE[0m
  [1m[35m (1.0ms)[0m  [1m[35mCREATE TABLE "users_roles" ("id" bigserial primary key, "user_id" bigint NOT NULL, "role_id" bigint NOT NULL, "created_at" timestamp(6) NOT NULL, "updated_at" timestamp(6) NOT NULL)[0m
  [1m[35m (0.5ms)[0m  [1m[35mCREATE INDEX "index_users_roles_on_role_id" ON "users_roles" ("role_id")[0m
  [1m[35m (0.4ms)[0m  [1m[35mCREATE INDEX "index_users_roles_on_user_id" ON "users_roles" ("user_id")[0m
  [1m[35m (2.1ms)[0m  [1m[35mALTER TABLE "user_accounts" ADD CONSTRAINT "fk_rails_dc248d5e86"
FOREIGN KEY ("account_id")
  REFERENCES "accounts" ("id")
[0m
  [1m[35m (0.5ms)[0m  [1m[35mALTER TABLE "user_accounts" ADD CONSTRAINT "fk_rails_d64ac9bcc2"
FOREIGN KEY ("user_id")
  REFERENCES "users" ("id")
[0m
  [1m[35m (0.5ms)[0m  [1m[35mALTER TABLE "user_roles" ADD CONSTRAINT "fk_rails_3369e0d5fc"
FOREIGN KEY ("role_id")
  REFERENCES "roles" ("id")
[0m
  [1m[35m (0.4ms)[0m  [1m[35mALTER TABLE "user_roles" ADD CONSTRAINT "fk_rails_318345354e"
FOREIGN KEY ("user_id")
  REFERENCES "users" ("id")
[0m
  [1m[35m (0.7ms)[0m  [1m[35mALTER TABLE "users_accounts" ADD CONSTRAINT "fk_rails_dd0f6ea94a"
FOREIGN KEY ("account_id")
  REFERENCES "accounts" ("id")
[0m
  [1m[35m (0.4ms)[0m  [1m[35mALTER TABLE "users_accounts" ADD CONSTRAINT "fk_rails_08029cbce2"
FOREIGN KEY ("user_id")
  REFERENCES "users" ("id")
[0m
  [1m[35m (0.5ms)[0m  [1m[35mALTER TABLE "users_roles" ADD CONSTRAINT "fk_rails_eb7b4658f8"
FOREIGN KEY ("role_id")
  REFERENCES "roles" ("id")
[0m
  [1m[35m (0.4ms)[0m  [1m[35mALTER TABLE "users_roles" ADD CONSTRAINT "fk_rails_4a41696df6"
FOREIGN KEY ("user_id")
  REFERENCES "users" ("id")
[0m
  [1m[35m (2.1ms)[0m  [1m[35mCREATE TABLE "schema_migrations" ("version" character varying NOT NULL PRIMARY KEY)[0m
  [1m[36mActiveRecord::SchemaMigration Pluck (0.2ms)[0m  [1m[34mSELECT "schema_migrations"."version" FROM "schema_migrations" ORDER BY "schema_migrations"."version" ASC[0m
  [1m[35m (0.2ms)[0m  [1m[32mINSERT INTO "schema_migrations" (version) VALUES (20230324062154)[0m
  [1m[35m (0.2ms)[0m  [1m[32mINSERT INTO "schema_migrations" (version) VALUES
(20230324042327),
(20230324042400),
(20230324042533),
(20230324061839);

[0m
  [1m[35m (1.3ms)[0m  [1m[35mCREATE TABLE "ar_internal_metadata" ("key" character varying NOT NULL PRIMARY KEY, "value" character varying, "created_at" timestamp(6) NOT NULL, "updated_at" timestamp(6) NOT NULL)[0m
  [1m[36mActiveRecord::InternalMetadata Load (0.1ms)[0m  [1m[34mSELECT "ar_internal_metadata".* FROM "ar_internal_metadata" WHERE "ar_internal_metadata"."key" = $1 LIMIT $2[0m  [["key", "environment"], ["LIMIT", 1]]
  [1m[36mTRANSACTION (0.0ms)[0m  [1m[35mBEGIN[0m
  [1m[36mActiveRecord::InternalMetadata Create (0.4ms)[0m  [1m[32mINSERT INTO "ar_internal_metadata" ("key", "value", "created_at", "updated_at") VALUES ($1, $2, $3, $4) RETURNING "key"[0m  [["key", "environment"], ["value", "development"], ["created_at", "2023-03-24 06:26:16.587133"], ["updated_at", "2023-03-24 06:26:16.587133"]]
  [1m[36mTRANSACTION (0.1ms)[0m  [1m[35mCOMMIT[0m
  [1m[36mActiveRecord::InternalMetadata Load (0.1ms)[0m  [1m[34mSELECT "ar_internal_metadata".* FROM "ar_internal_metadata" WHERE "ar_internal_metadata"."key" = $1 LIMIT $2[0m  [["key", "environment"], ["LIMIT", 1]]
  [1m[36mTRANSACTION (0.0ms)[0m  [1m[35mBEGIN[0m
  [1m[36mActiveRecord::InternalMetadata Update (0.1ms)[0m  [1m[33mUPDATE "ar_internal_metadata" SET "value" = $1, "updated_at" = $2 WHERE "ar_internal_metadata"."key" = $3[0m  [["value", "test"], ["updated_at", "2023-03-24 06:26:16.589936"], ["key", "environment"]]
  [1m[36mTRANSACTION (0.1ms)[0m  [1m[35mCOMMIT[0m
  [1m[36mActiveRecord::InternalMetadata Load (0.1ms)[0m  [1m[34mSELECT "ar_internal_metadata".* FROM "ar_internal_metadata" WHERE "ar_internal_metadata"."key" = $1 LIMIT $2[0m  [["key", "schema_sha1"], ["LIMIT", 1]]
  [1m[36mTRANSACTION (0.0ms)[0m  [1m[35mBEGIN[0m
  [1m[36mActiveRecord::InternalMetadata Create (0.1ms)[0m  [1m[32mINSERT INTO "ar_internal_metadata" ("key", "value", "created_at", "updated_at") VALUES ($1, $2, $3, $4) RETURNING "key"[0m  [["key", "schema_sha1"], ["value", "327763c19138f0f316a3e92673263b7c277e55c1"], ["created_at", "2023-03-24 06:26:16.591986"], ["updated_at", "2023-03-24 06:26:16.591986"]]
  [1m[36mTRANSACTION (0.1ms)[0m  [1m[35mCOMMIT[0m
  [1m[36mActiveRecord::SchemaMigration Pluck (0.3ms)[0m  [1m[34mSELECT "schema_migrations"."version" FROM "schema_migrations" ORDER BY "schema_migrations"."version" ASC[0m
  [1m[36mUser Load (0.9ms)[0m  [1m[34mSELECT "users".* FROM "users" ORDER BY "users"."id" ASC LIMIT $1[0m  [["LIMIT", 1]]
  [1m[36mUser Load (0.7ms)[0m  [1m[34mSELECT "users".* FROM "users" ORDER BY "users"."id" ASC LIMIT $1[0m  [["LIMIT", 1]]
  [1m[36mTRANSACTION (0.2ms)[0m  [1m[35mBEGIN[0m
  [1m[36mUser Create (1.4ms)[0m  [1m[32mINSERT INTO "users" ("email", "created_at", "updated_at") VALUES ($1, $2, $3) RETURNING "id"[0m  [["email", "gideon@mail.com"], ["created_at", "2023-03-24 06:27:30.188796"], ["updated_at", "2023-03-24 06:27:30.188796"]]
  [1m[36mTRANSACTION (0.3ms)[0m  [1m[35mCOMMIT[0m
  [1m[36mUser Load (1.3ms)[0m  [1m[34mSELECT "users".* FROM "users" ORDER BY "users"."id" ASC LIMIT $1[0m  [["LIMIT", 1]]
  [1m[36mRole Load (0.8ms)[0m  [1m[34mSELECT "roles".* FROM "roles" INNER JOIN "user_roles" ON "roles"."id" = "user_roles"."role_id" WHERE "user_roles"."user_id" = $1[0m  [["user_id", 1]]
  [1m[36mUserAccount Load (1.2ms)[0m  [1m[34mSELECT "user_accounts".* FROM "user_accounts" INNER JOIN "user_accounts" "user_accounts_account" ON "user_accounts"."id" = "user_accounts_account"."account_id" WHERE "user_accounts_account"."user_id" = $1 LIMIT $2[0m  [["user_id", 1], ["LIMIT", 1]]
  [1m[36mUserAccount Load (0.4ms)[0m  [1m[34mSELECT "user_accounts".* FROM "user_accounts" WHERE "user_accounts"."user_id" = $1 LIMIT $2[0m  [["user_id", 1], ["LIMIT", 1]]
  [1m[36mTRANSACTION (0.3ms)[0m  [1m[35mBEGIN[0m
  [1m[36mAccount Create (2.2ms)[0m  [1m[32mINSERT INTO "accounts" ("created_at", "updated_at") VALUES ($1, $2) RETURNING "id"[0m  [["created_at", "2023-03-24 06:29:44.256414"], ["updated_at", "2023-03-24 06:29:44.256414"]]
  [1m[36mTRANSACTION (0.3ms)[0m  [1m[35mCOMMIT[0m
  [1m[36mUser Load (0.5ms)[0m  [1m[34mSELECT "users".* FROM "users" ORDER BY "users"."id" ASC LIMIT $1[0m  [["LIMIT", 1]]
  [1m[36mRole Load (0.7ms)[0m  [1m[34mSELECT "roles".* FROM "roles" INNER JOIN "user_roles" ON "roles"."id" = "user_roles"."role_id" WHERE "user_roles"."user_id" = $1[0m  [["user_id", 1]]
  [1m[36mTRANSACTION (1.8ms)[0m  [1m[35mBEGIN[0m
  [1m[36mRole Create (2.2ms)[0m  [1m[32mINSERT INTO "roles" ("name", "created_at", "updated_at") VALUES ($1, $2, $3) RETURNING "id"[0m  [["name", nil], ["created_at", "2023-03-24 06:31:03.258231"], ["updated_at", "2023-03-24 06:31:03.258231"]]
  [1m[36mUserRole Create (3.6ms)[0m  [1m[32mINSERT INTO "user_roles" ("user_id", "role_id", "created_at", "updated_at") VALUES ($1, $2, $3, $4) RETURNING "id"[0m  [["user_id", 1], ["role_id", 1], ["created_at", "2023-03-24 06:31:03.281768"], ["updated_at", "2023-03-24 06:31:03.281768"]]
  [1m[36mTRANSACTION (0.8ms)[0m  [1m[35mCOMMIT[0m
  [1m[36mTRANSACTION (0.4ms)[0m  [1m[35mBEGIN[0m
  [1m[36mRole Update (1.0ms)[0m  [1m[33mUPDATE "roles" SET "name" = $1, "updated_at" = $2 WHERE "roles"."id" = $3[0m  [["name", "admin"], ["updated_at", "2023-03-24 06:31:30.975420"], ["id", 1]]
  [1m[36mTRANSACTION (1.3ms)[0m  [1m[35mCOMMIT[0m
  [1m[36mUser Load (0.7ms)[0m  [1m[34mSELECT "users".* FROM "users" ORDER BY "users"."id" ASC LIMIT $1[0m  [["LIMIT", 1]]
  [1m[35m (0.2ms)[0m  [1m[34mSELECT pg_try_advisory_lock(7395633852180811650)[0m
  [1m[36mActiveRecord::SchemaMigration Pluck (0.9ms)[0m  [1m[34mSELECT "schema_migrations"."version" FROM "schema_migrations" ORDER BY "schema_migrations"."version" ASC[0m
Migrating to AddUserToAccount (20230324063457)
  [1m[36mTRANSACTION (0.1ms)[0m  [1m[35mBEGIN[0m
  [1m[35m (1.0ms)[0m  [1m[35mALTER TABLE "accounts" ADD "user_id" bigint NOT NULL[0m
  [1m[36mTRANSACTION (0.1ms)[0m  [1m[31mROLLBACK[0m
  [1m[35m (0.2ms)[0m  [1m[34mSELECT pg_advisory_unlock(7395633852180811650)[0m
  [1m[36mUser Load (0.9ms)[0m  [1m[34mSELECT "users".* FROM "users"[0m
  [1m[36mTRANSACTION (0.1ms)[0m  [1m[35mBEGIN[0m
  [1m[36mUser Destroy (2.7ms)[0m  [1m[31mDELETE FROM "users" WHERE "users"."id" = $1[0m  [["id", 1]]
  [1m[36mTRANSACTION (0.1ms)[0m  [1m[31mROLLBACK[0m
  [1m[35m (0.1ms)[0m  [1m[34mSELECT pg_try_advisory_lock(7395633852180811650)[0m
  [1m[36mActiveRecord::SchemaMigration Pluck (0.7ms)[0m  [1m[34mSELECT "schema_migrations"."version" FROM "schema_migrations" ORDER BY "schema_migrations"."version" ASC[0m
Migrating to AddUserToAccount (20230324063457)
  [1m[36mTRANSACTION (0.1ms)[0m  [1m[35mBEGIN[0m
  [1m[35m (1.2ms)[0m  [1m[35mALTER TABLE "accounts" ADD "user_id" bigint NOT NULL[0m
  [1m[36mTRANSACTION (0.1ms)[0m  [1m[31mROLLBACK[0m
  [1m[35m (0.2ms)[0m  [1m[34mSELECT pg_advisory_unlock(7395633852180811650)[0m
  [1m[36mAccount Load (4.6ms)[0m  [1m[34mSELECT "accounts".* FROM "accounts"[0m
  [1m[36mTRANSACTION (0.2ms)[0m  [1m[35mBEGIN[0m
  [1m[36mAccount Destroy (2.1ms)[0m  [1m[31mDELETE FROM "accounts" WHERE "accounts"."id" = $1[0m  [["id", 1]]
  [1m[36mTRANSACTION (1.9ms)[0m  [1m[35mCOMMIT[0m
  [1m[35m (0.1ms)[0m  [1m[34mSELECT pg_try_advisory_lock(7395633852180811650)[0m
  [1m[36mActiveRecord::SchemaMigration Pluck (0.7ms)[0m  [1m[34mSELECT "schema_migrations"."version" FROM "schema_migrations" ORDER BY "schema_migrations"."version" ASC[0m
Migrating to AddUserToAccount (20230324063457)
  [1m[36mTRANSACTION (0.1ms)[0m  [1m[35mBEGIN[0m
  [1m[35m (0.6ms)[0m  [1m[35mALTER TABLE "accounts" ADD "user_id" bigint NOT NULL[0m
  [1m[35m (1.9ms)[0m  [1m[35mCREATE INDEX "index_accounts_on_user_id" ON "accounts" ("user_id")[0m
  [1m[35m (1.9ms)[0m  [1m[35mALTER TABLE "accounts" ADD CONSTRAINT "fk_rails_b1e30bebc8"
FOREIGN KEY ("user_id")
  REFERENCES "users" ("id")
[0m
  [1m[36mActiveRecord::SchemaMigration Create (0.2ms)[0m  [1m[32mINSERT INTO "schema_migrations" ("version") VALUES ($1) RETURNING "version"[0m  [["version", "20230324063457"]]
  [1m[36mTRANSACTION (0.8ms)[0m  [1m[35mCOMMIT[0m
  [1m[36mActiveRecord::InternalMetadata Load (0.3ms)[0m  [1m[34mSELECT "ar_internal_metadata".* FROM "ar_internal_metadata" WHERE "ar_internal_metadata"."key" = $1 LIMIT $2[0m  [["key", "environment"], ["LIMIT", 1]]
  [1m[35m (0.2ms)[0m  [1m[34mSELECT pg_advisory_unlock(7395633852180811650)[0m
  [1m[36mActiveRecord::SchemaMigration Pluck (0.8ms)[0m  [1m[34mSELECT "schema_migrations"."version" FROM "schema_migrations" ORDER BY "schema_migrations"."version" ASC[0m
  [1m[36mUser Load (0.5ms)[0m  [1m[34mSELECT "users".* FROM "users" ORDER BY "users"."id" ASC LIMIT $1[0m  [["LIMIT", 1]]
  [1m[36mRole Load (1.5ms)[0m  [1m[34mSELECT "roles".* FROM "roles" INNER JOIN "user_roles" ON "roles"."id" = "user_roles"."role_id" WHERE "user_roles"."user_id" = $1[0m  [["user_id", 1]]
  [1m[36mAccount Load (0.7ms)[0m  [1m[34mSELECT "accounts".* FROM "accounts" WHERE "accounts"."user_id" = $1[0m  [["user_id", 1]]
  [1m[36mTRANSACTION (0.7ms)[0m  [1m[35mBEGIN[0m
  [1m[36mAccount Create (4.1ms)[0m  [1m[32mINSERT INTO "accounts" ("created_at", "updated_at", "user_id") VALUES ($1, $2, $3) RETURNING "id"[0m  [["created_at", "2023-03-24 06:39:19.286757"], ["updated_at", "2023-03-24 06:39:19.286757"], ["user_id", 1]]
  [1m[36mTRANSACTION (2.5ms)[0m  [1m[35mCOMMIT[0m
Started GET "/accounts" for ::1 at 2023-03-24 10:07:14 +0300
  [1m[36mActiveRecord::SchemaMigration Pluck (0.7ms)[0m  [1m[34mSELECT "schema_migrations"."version" FROM "schema_migrations" ORDER BY "schema_migrations"."version" ASC[0m
Processing by AccountsController#index as */*
  [1m[36mAccount Load (0.9ms)[0m  [1m[34mSELECT "accounts".* FROM "accounts"[0m
  ↳ app/controllers/accounts_controller.rb:3:in `index'
Completed 200 OK in 52ms (Views: 21.2ms | ActiveRecord: 6.0ms | Allocations: 37475)


Started GET "/accounts" for ::1 at 2023-03-24 10:15:23 +0300
Processing by AccountsController#index as */*
  [1m[36mAccount Load (0.7ms)[0m  [1m[34mSELECT "accounts".* FROM "accounts"[0m
  ↳ app/controllers/accounts_controller.rb:4:in `index'
Completed 200 OK in 18ms (Views: 16.4ms | ActiveRecord: 8.8ms | Allocations: 6148)


Started GET "/accounts" for ::1 at 2023-03-24 10:29:18 +0300
Processing by AccountsController#index as */*
Completed 500 Internal Server Error in 0ms (Allocations: 251)


  
Cerbos::Error::InvalidArgument (gRPC error 3: Failed to create Cerbos::Input::ResourceCheck from {:kind=>"account", :id=>"1", :attributes=>{:owner=>"author@example.com"}}: missing keywords: :resource, :actions):
  
app/controllers/accounts_controller.rb:3:in `index'
Started GET "/accounts" for ::1 at 2023-03-24 10:30:00 +0300
Processing by AccountsController#index as */*
Completed 500 Internal Server Error in 1ms (Allocations: 232)


  
Cerbos::Error::InvalidArgument (gRPC error 3: Failed to create Cerbos::Input::ResourceCheck from {:kind=>"account", :id=>"1", :attributes=>{:owner=>"author@example.com"}}: missing keywords: :resource, :actions):
  
app/controllers/accounts_controller.rb:3:in `index'
Started GET "/accounts" for ::1 at 2023-03-24 10:31:33 +0300
Processing by AccountsController#index as */*
  [1m[36mAccount Load (0.6ms)[0m  [1m[34mSELECT "accounts".* FROM "accounts"[0m
  ↳ app/controllers/accounts_controller.rb:24:in `index'
Completed 200 OK in 31ms (Views: 21.4ms | ActiveRecord: 9.8ms | Allocations: 6179)


Started GET "/accounts" for ::1 at 2023-03-24 10:32:07 +0300
Processing by AccountsController#index as */*
  [1m[36mAccount Load (0.3ms)[0m  [1m[34mSELECT "accounts".* FROM "accounts"[0m
  ↳ app/controllers/accounts_controller.rb:24:in `index'
Completed 200 OK in 15ms (Views: 2.0ms | ActiveRecord: 10.3ms | Allocations: 3555)


Started GET "/accounts" for ::1 at 2023-03-24 10:34:26 +0300
Processing by AccountsController#index as */*
Completed 500 Internal Server Error in 0ms (ActiveRecord: 0.0ms | Allocations: 151)


  
Cerbos::Error::InvalidArgument (gRPC error 3: Invalid argument for string field 'id' (given Integer).):
  
app/controllers/accounts_controller.rb:3:in `index'
Started GET "/accounts" for ::1 at 2023-03-24 10:34:39 +0300
Processing by AccountsController#index as */*
Completed 500 Internal Server Error in 0ms (ActiveRecord: 0.0ms | Allocations: 143)


  
Cerbos::Error::InvalidArgument (gRPC error 3: Invalid argument for string field 'id' (given Integer).):
  
app/controllers/accounts_controller.rb:3:in `index'
Started GET "/accounts" for ::1 at 2023-03-24 10:35:20 +0300
Processing by AccountsController#index as */*
  [1m[36mAccount Load (0.2ms)[0m  [1m[34mSELECT "accounts".* FROM "accounts"[0m
  ↳ app/controllers/accounts_controller.rb:24:in `index'
Completed 200 OK in 12ms (Views: 1.8ms | ActiveRecord: 6.6ms | Allocations: 3534)


Started GET "/accounts" for ::1 at 2023-03-24 10:36:00 +0300
Processing by AccountsController#index as */*
  [1m[36mAccount Load (0.2ms)[0m  [1m[34mSELECT "accounts".* FROM "accounts"[0m
  ↳ app/controllers/accounts_controller.rb:24:in `index'
Completed 200 OK in 12ms (Views: 1.8ms | ActiveRecord: 7.8ms | Allocations: 3531)


Started GET "/accounts" for ::1 at 2023-03-24 10:36:58 +0300
  [1m[36mActiveRecord::SchemaMigration Pluck (0.5ms)[0m  [1m[34mSELECT "schema_migrations"."version" FROM "schema_migrations" ORDER BY "schema_migrations"."version" ASC[0m
Processing by AccountsController#index as */*
  [1m[36mAccount Load (1.1ms)[0m  [1m[34mSELECT "accounts".* FROM "accounts"[0m
  ↳ app/controllers/accounts_controller.rb:24:in `index'
Completed 200 OK in 20ms (Views: 4.2ms | ActiveRecord: 5.9ms | Allocations: 36784)


Started GET "/accounts" for ::1 at 2023-03-24 10:37:27 +0300
Processing by AccountsController#index as */*
  [1m[36mAccount Load (0.3ms)[0m  [1m[34mSELECT "accounts".* FROM "accounts"[0m
  ↳ app/controllers/accounts_controller.rb:24:in `index'
Completed 200 OK in 10ms (Views: 1.6ms | ActiveRecord: 0.3ms | Allocations: 864)


  [1m[36mAccount Load (0.6ms)[0m  [1m[34mSELECT "accounts".* FROM "accounts" ORDER BY "accounts"."id" ASC LIMIT $1[0m  [["LIMIT", 1]]
  [1m[36mAccount Load (1.3ms)[0m  [1m[34mSELECT "accounts".* FROM "accounts" ORDER BY "accounts"."id" ASC LIMIT $1[0m  [["LIMIT", 1]]
Started GET "/accounts" for ::1 at 2023-03-24 10:54:34 +0300
  [1m[36mActiveRecord::SchemaMigration Pluck (0.6ms)[0m  [1m[34mSELECT "schema_migrations"."version" FROM "schema_migrations" ORDER BY "schema_migrations"."version" ASC[0m
Processing by AccountsController#index as */*
  [1m[36mAccount Load (0.7ms)[0m  [1m[34mSELECT "accounts".* FROM "accounts"[0m
  ↳ app/controllers/accounts_controller.rb:8:in `map'
Completed 500 Internal Server Error in 17ms (ActiveRecord: 4.4ms | Allocations: 36530)


  
Cerbos::Error (Google::Protobuf::UnexpectedStructType):
  
app/controllers/accounts_controller.rb:19:in `index'
Started GET "/accounts" for ::1 at 2023-03-24 10:55:07 +0300
Processing by AccountsController#index as */*
  [1m[36mAccount Load (0.3ms)[0m  [1m[34mSELECT "accounts".* FROM "accounts"[0m
  ↳ app/controllers/accounts_controller.rb:8:in `map'
  [1m[36mCACHE Account Load (0.0ms)[0m  [1m[34mSELECT "accounts".* FROM "accounts"[0m
  ↳ app/controllers/accounts_controller.rb:28:in `index'
Completed 200 OK in 11ms (Views: 0.7ms | ActiveRecord: 7.0ms | Allocations: 3921)


Started GET "/accounts" for ::1 at 2023-03-24 10:55:33 +0300
Processing by AccountsController#index as */*
  [1m[36mAccount Load (4.8ms)[0m  [1m[34mSELECT "accounts".* FROM "accounts"[0m
  ↳ app/controllers/accounts_controller.rb:8:in `map'
  [1m[36mCACHE Account Load (0.0ms)[0m  [1m[34mSELECT "accounts".* FROM "accounts"[0m
  ↳ app/controllers/accounts_controller.rb:28:in `index'
Completed 200 OK in 14ms (Views: 0.6ms | ActiveRecord: 8.4ms | Allocations: 3874)


Started GET "/accounts" for ::1 at 2023-03-24 10:57:11 +0300
Processing by AccountsController#index as */*
  [1m[36mAccount Load (0.8ms)[0m  [1m[34mSELECT "accounts".* FROM "accounts"[0m
  ↳ app/controllers/accounts_controller.rb:8:in `map'
  [1m[36mCACHE Account Load (0.0ms)[0m  [1m[34mSELECT "accounts".* FROM "accounts"[0m
  ↳ app/controllers/accounts_controller.rb:28:in `index'
Completed 200 OK in 14ms (Views: 0.7ms | ActiveRecord: 3.4ms | Allocations: 3938)


Started GET "/accounts" for ::1 at 2023-03-24 10:57:18 +0300
Processing by AccountsController#index as */*
  [1m[36mAccount Load (0.3ms)[0m  [1m[34mSELECT "accounts".* FROM "accounts"[0m
  ↳ app/controllers/accounts_controller.rb:8:in `map'
  [1m[36mCACHE Account Load (0.0ms)[0m  [1m[34mSELECT "accounts".* FROM "accounts"[0m
  ↳ app/controllers/accounts_controller.rb:28:in `index'
Completed 200 OK in 4ms (Views: 0.6ms | ActiveRecord: 0.3ms | Allocations: 1269)


Started GET "/accounts" for ::1 at 2023-03-24 10:57:26 +0300
Processing by AccountsController#index as */*
  [1m[36mAccount Load (0.5ms)[0m  [1m[34mSELECT "accounts".* FROM "accounts"[0m
  ↳ app/controllers/accounts_controller.rb:8:in `map'
  [1m[36mCACHE Account Load (0.0ms)[0m  [1m[34mSELECT "accounts".* FROM "accounts"[0m
  ↳ app/controllers/accounts_controller.rb:28:in `index'
Completed 200 OK in 9ms (Views: 0.7ms | ActiveRecord: 4.0ms | Allocations: 3951)


Started GET "/accounts" for ::1 at 2023-03-24 10:58:12 +0300
Processing by AccountsController#index as */*
  [1m[36mAccount Load (0.3ms)[0m  [1m[34mSELECT "accounts".* FROM "accounts"[0m
  ↳ app/controllers/accounts_controller.rb:8:in `map'
  [1m[36mCACHE Account Load (0.0ms)[0m  [1m[34mSELECT "accounts".* FROM "accounts"[0m
  ↳ app/controllers/accounts_controller.rb:30:in `index'
Completed 200 OK in 14ms (Views: 0.8ms | ActiveRecord: 6.2ms | Allocations: 3956)


Started GET "/accounts" for ::1 at 2023-03-24 10:58:26 +0300
Processing by AccountsController#index as */*
  [1m[36mAccount Load (0.2ms)[0m  [1m[34mSELECT "accounts".* FROM "accounts"[0m
  ↳ app/controllers/accounts_controller.rb:8:in `map'
  [1m[36mCACHE Account Load (0.0ms)[0m  [1m[34mSELECT "accounts".* FROM "accounts"[0m
  ↳ app/controllers/accounts_controller.rb:31:in `index'
Completed 200 OK in 10ms (Views: 1.1ms | ActiveRecord: 4.0ms | Allocations: 4044)


Started GET "/accounts" for ::1 at 2023-03-24 10:58:44 +0300
Processing by AccountsController#index as */*
  [1m[36mAccount Load (0.3ms)[0m  [1m[34mSELECT "accounts".* FROM "accounts"[0m
  ↳ app/controllers/accounts_controller.rb:8:in `map'
  [1m[36mCACHE Account Load (0.0ms)[0m  [1m[34mSELECT "accounts".* FROM "accounts"[0m
  ↳ app/controllers/accounts_controller.rb:30:in `index'
Completed 200 OK in 10ms (Views: 0.7ms | ActiveRecord: 4.7ms | Allocations: 3958)


Started GET "/accounts" for ::1 at 2023-03-24 10:58:56 +0300
Processing by AccountsController#index as */*
  [1m[36mAccount Load (0.3ms)[0m  [1m[34mSELECT "accounts".* FROM "accounts"[0m
  ↳ app/controllers/accounts_controller.rb:8:in `map'
  [1m[36mCACHE Account Load (0.0ms)[0m  [1m[34mSELECT "accounts".* FROM "accounts"[0m
  ↳ app/controllers/accounts_controller.rb:30:in `index'
Completed 200 OK in 10ms (Views: 1.0ms | ActiveRecord: 4.8ms | Allocations: 3958)


Started GET "/accounts" for ::1 at 2023-03-24 11:00:51 +0300
Processing by AccountsController#index as */*
  [1m[36mAccount Load (0.3ms)[0m  [1m[34mSELECT "accounts".* FROM "accounts"[0m
  ↳ app/controllers/accounts_controller.rb:8:in `map'
Completed 204 No Content in 11ms (ActiveRecord: 4.3ms | Allocations: 3332)


Started GET "/accounts" for ::1 at 2023-03-24 11:01:10 +0300
Processing by AccountsController#index as */*
  [1m[36mAccount Load (0.2ms)[0m  [1m[34mSELECT "accounts".* FROM "accounts"[0m
  ↳ app/controllers/accounts_controller.rb:8:in `map'
Completed 204 No Content in 7ms (ActiveRecord: 3.6ms | Allocations: 3342)


Started GET "/accounts" for ::1 at 2023-03-24 11:07:59 +0300
Processing by AccountsController#index as */*
  [1m[36mAccount Load (1.0ms)[0m  [1m[34mSELECT "accounts".* FROM "accounts"[0m
  ↳ app/controllers/accounts_controller.rb:8:in `map'
Completed 204 No Content in 33ms (ActiveRecord: 15.0ms | Allocations: 6024)


Started GET "/accounts" for ::1 at 2023-03-24 11:10:08 +0300
Processing by AccountsController#index as */*
  [1m[36mAccount Load (0.4ms)[0m  [1m[34mSELECT "accounts".* FROM "accounts"[0m
  ↳ app/controllers/accounts_controller.rb:8:in `map'
Completed 500 Internal Server Error in 20ms (ActiveRecord: 14.7ms | Allocations: 3408)


  
TypeError (no implicit conversion of Symbol into Integer):
  
app/controllers/accounts_controller.rb:25:in `[]'
app/controllers/accounts_controller.rb:25:in `block (2 levels) in index'
app/controllers/accounts_controller.rb:25:in `filter'
app/controllers/accounts_controller.rb:25:in `block in index'
app/controllers/accounts_controller.rb:24:in `filter'
app/controllers/accounts_controller.rb:24:in `index'
Started GET "/accounts" for ::1 at 2023-03-24 11:10:55 +0300
Processing by AccountsController#index as */*
  [1m[36mAccount Load (0.3ms)[0m  [1m[34mSELECT "accounts".* FROM "accounts"[0m
  ↳ app/controllers/accounts_controller.rb:8:in `map'
Completed 500 Internal Server Error in 8ms (ActiveRecord: 3.1ms | Allocations: 3382)


  
TypeError (no implicit conversion of Symbol into Integer):
  
app/controllers/accounts_controller.rb:25:in `[]'
app/controllers/accounts_controller.rb:25:in `block (2 levels) in index'
app/controllers/accounts_controller.rb:25:in `filter'
app/controllers/accounts_controller.rb:25:in `block in index'
app/controllers/accounts_controller.rb:24:in `collect'
app/controllers/accounts_controller.rb:24:in `index'
Started GET "/accounts" for ::1 at 2023-03-24 11:11:10 +0300
Processing by AccountsController#index as */*
  [1m[36mAccount Load (0.3ms)[0m  [1m[34mSELECT "accounts".* FROM "accounts"[0m
  ↳ app/controllers/accounts_controller.rb:8:in `map'
Completed 204 No Content in 14ms (ActiveRecord: 9.0ms | Allocations: 3339)


Started GET "/accounts" for ::1 at 2023-03-24 11:11:37 +0300
Processing by AccountsController#index as */*
  [1m[36mAccount Load (0.4ms)[0m  [1m[34mSELECT "accounts".* FROM "accounts"[0m
  ↳ app/controllers/accounts_controller.rb:8:in `map'
Completed 204 No Content in 14ms (ActiveRecord: 8.8ms | Allocations: 3319)


Started GET "/accounts" for ::1 at 2023-03-24 11:12:10 +0300
Processing by AccountsController#index as */*
  [1m[36mAccount Load (0.3ms)[0m  [1m[34mSELECT "accounts".* FROM "accounts"[0m
  ↳ app/controllers/accounts_controller.rb:8:in `map'
Completed 204 No Content in 11ms (ActiveRecord: 7.4ms | Allocations: 3317)


Started GET "/accounts" for ::1 at 2023-03-24 11:12:24 +0300
Processing by AccountsController#index as */*
  [1m[36mAccount Load (0.3ms)[0m  [1m[34mSELECT "accounts".* FROM "accounts"[0m
  ↳ app/controllers/accounts_controller.rb:8:in `map'
Completed 204 No Content in 11ms (ActiveRecord: 5.7ms | Allocations: 3318)


Started GET "/accounts" for ::1 at 2023-03-24 11:12:37 +0300
Processing by AccountsController#index as */*
  [1m[36mAccount Load (0.3ms)[0m  [1m[34mSELECT "accounts".* FROM "accounts"[0m
  ↳ app/controllers/accounts_controller.rb:8:in `map'
Completed 204 No Content in 9ms (ActiveRecord: 4.3ms | Allocations: 3318)


Started GET "/accounts" for ::1 at 2023-03-24 11:12:52 +0300
Processing by AccountsController#index as */*
  [1m[36mAccount Load (0.2ms)[0m  [1m[34mSELECT "accounts".* FROM "accounts"[0m
  ↳ app/controllers/accounts_controller.rb:8:in `map'
Completed 204 No Content in 7ms (ActiveRecord: 2.9ms | Allocations: 3317)


Started GET "/accounts" for ::1 at 2023-03-24 11:13:09 +0300
Processing by AccountsController#index as */*
  [1m[36mAccount Load (0.8ms)[0m  [1m[34mSELECT "accounts".* FROM "accounts"[0m
  ↳ app/controllers/accounts_controller.rb:8:in `map'
Completed 204 No Content in 9ms (ActiveRecord: 4.1ms | Allocations: 3330)


Started GET "/accounts" for ::1 at 2023-03-24 11:13:44 +0300
Processing by AccountsController#index as */*
  [1m[36mAccount Load (0.2ms)[0m  [1m[34mSELECT "accounts".* FROM "accounts"[0m
  ↳ app/controllers/accounts_controller.rb:8:in `map'
Completed 204 No Content in 8ms (ActiveRecord: 3.4ms | Allocations: 3319)


  [1m[36mAccount Load (2.4ms)[0m  [1m[34mSELECT 1, 2, 4 FROM "accounts"[0m
  [1m[36mAccount Load (1.2ms)[0m  [1m[34mSELECT 1, 2, 4 FROM "accounts"[0m
  [1m[36mAccount Load (1.2ms)[0m  [1m[34mSELECT 1, 2, 4 FROM "accounts"[0m
  [1m[36mAccount Load (2.4ms)[0m  [1m[34mSELECT "accounts".* FROM "accounts" WHERE "accounts"."id" IN ($1, $2, $3)[0m  [["id", 1], ["id", 2], ["id", 3]]
  [1m[36mAccount Count (6.3ms)[0m  [1m[34mSELECT COUNT(*) FROM "accounts" WHERE "accounts"."id" IN ($1, $2, $3)[0m  [["id", 1], ["id", 2], ["id", 3]]
Started GET "/accounts" for ::1 at 2023-03-24 11:27:02 +0300
Processing by AccountsController#index as */*
  [1m[36mAccount Load (0.6ms)[0m  [1m[34mSELECT "accounts".* FROM "accounts"[0m
  ↳ app/controllers/accounts_controller.rb:8:in `map'
Completed 500 Internal Server Error in 40ms (ActiveRecord: 9.7ms | Allocations: 7837)


  
NameError (undefined local variable or method `json' for #<AccountsController:0x0000000005aed8>
Did you mean?  JSON):
  
app/controllers/accounts_controller.rb:30:in `index'
Started GET "/accounts" for ::1 at 2023-03-24 11:27:25 +0300
Processing by AccountsController#index as */*
  [1m[36mAccount Load (0.5ms)[0m  [1m[34mSELECT "accounts".* FROM "accounts"[0m
  ↳ app/controllers/accounts_controller.rb:8:in `map'
Completed 200 OK in 20ms (Views: 0.2ms | ActiveRecord: 14.3ms | Allocations: 3405)


Started GET "/accounts" for ::1 at 2023-03-24 11:28:14 +0300
Processing by AccountsController#index as */*
  [1m[36mAccount Load (0.3ms)[0m  [1m[34mSELECT "accounts".* FROM "accounts"[0m
  ↳ app/controllers/accounts_controller.rb:8:in `map'
  [1m[36mAccount Load (0.2ms)[0m  [1m[34mSELECT "accounts".* FROM "accounts" WHERE "accounts"."id" = $1[0m  [["id", 2]]
  ↳ app/controllers/accounts_controller.rb:30:in `index'
Completed 200 OK in 13ms (Views: 3.7ms | ActiveRecord: 4.7ms | Allocations: 4556)


Started GET "/accounts" for ::1 at 2023-03-24 11:28:25 +0300
Processing by AccountsController#index as */*
  [1m[36mAccount Load (0.5ms)[0m  [1m[34mSELECT "accounts".* FROM "accounts"[0m
  ↳ app/controllers/accounts_controller.rb:8:in `map'
  [1m[36mAccount Load (0.6ms)[0m  [1m[34mSELECT "accounts".* FROM "accounts" WHERE "accounts"."id" = $1[0m  [["id", 2]]
  ↳ app/controllers/accounts_controller.rb:30:in `index'
Completed 200 OK in 11ms (Views: 0.9ms | ActiveRecord: 4.6ms | Allocations: 4041)


Started GET "/accounts" for ::1 at 2023-03-24 11:28:31 +0300
Processing by AccountsController#index as */*
  [1m[36mAccount Load (0.2ms)[0m  [1m[34mSELECT "accounts".* FROM "accounts"[0m
  ↳ app/controllers/accounts_controller.rb:8:in `map'
Completed 200 OK in 8ms (Views: 0.1ms | ActiveRecord: 3.6ms | Allocations: 3419)


Started GET "/accounts" for ::1 at 2023-03-24 11:34:11 +0300
Processing by AccountsController#index as */*
  [1m[36mAccount Load (0.7ms)[0m  [1m[34mSELECT "accounts".* FROM "accounts"[0m
  ↳ app/controllers/accounts_controller.rb:26:in `map'
  [1m[36mAccount Load (0.5ms)[0m  [1m[34mSELECT "accounts".* FROM "accounts" WHERE "accounts"."id" = $1[0m  [["id", 2]]
  ↳ app/controllers/accounts_controller.rb:13:in `index'
Completed 200 OK in 36ms (Views: 1.4ms | ActiveRecord: 8.0ms | Allocations: 6696)


Started GET "/accounts" for ::1 at 2023-03-24 11:34:24 +0300
Processing by AccountsController#index as */*
  [1m[36mAccount Load (0.4ms)[0m  [1m[34mSELECT "accounts".* FROM "accounts"[0m
  ↳ app/controllers/accounts_controller.rb:26:in `map'
Completed 200 OK in 18ms (Views: 0.1ms | ActiveRecord: 12.7ms | Allocations: 3443)


